[35m[Appium][39m Welcome to Appium v1.22.3
[35m[Appium][39m Non-default server args:
[35m[Appium][39m   port: 59067
[35m[Appium][39m   loglevel: info
[35m[Appium][39m   tmpDir: C:\Users\hoang\AppData\Local\Temp\\Katalon\Appium\Temp1649122788710
[35m[Appium][39m   chromedriverPort: 59068
[35m[Appium][39m Deprecated server args:
[35m[Appium][39m   [31m--chromedriver-port[39m => --default-capabilities
[35m[Appium][39m Default capabilities, which will be added to each request unless overridden by desired capabilities:
[35m[Appium][39m   chromedriverPort: 59068
[35m[Appium][39m Appium REST http interface listener started on 0.0.0.0:59067
[35m[HTTP][39m [37m-->[39m [37mGET[39m [37m/wd/hub/status[39m
[35m[HTTP][39m [90m{}[39m
[35m[HTTP][39m [37m<-- GET /wd/hub/status [39m[32m200[39m [90m7 ms - 68[39m
[35m[HTTP][39m [90m[39m
[35m[HTTP][39m [37m-->[39m [37mGET[39m [37m/wd/hub/status[39m
[35m[HTTP][39m [90m{}[39m
[35m[HTTP][39m [37m<-- GET /wd/hub/status [39m[32m200[39m [90m1 ms - 68[39m
[35m[HTTP][39m [90m[39m
[35m[HTTP][39m [37m-->[39m [37mPOST[39m [37m/wd/hub/session[39m
[35m[HTTP][39m [90m{"desiredCapabilities":{"app":"D:\\Dev\\apk\\app-debug1.apk","noReset":true,"deviceName":"samsung SM-A515F (Android 11)","fullReset":false,"platform":"ANDROID","newCommandTimeout":1800,"platformVersion":"11","automationName":"uiautomator2","autoGrantPermissions":true,"platformName":"Android","udid":"R58N337ZZQZ","systemPort":59081},"capabilities":{"firstMatch":[{"appium:app":"D:\\Dev\\apk\\app-debug1.apk","appium:autoGrantPermissions":true,"appium:automationName":"uiautomator2","appium:deviceName":"samsung SM-A515F (Android 11)","appium:fullReset":false,"appium:newCommandTimeout":1800,"appium:noReset":true,"platform":"ANDROID","platformName":"android","appium:platformVersion":"11","appium:systemPort":59081,"appium:udid":"R58N337ZZQZ"}]}}[39m
[35m[BaseDriver][39m The following capabilities are not standard capabilities and should have an extension prefix:
[35m[BaseDriver][39m   platform
[35m[BaseDriver][39m   chromedriverPort
[35m[Appium][39m Appium v1.22.3 creating new AndroidUiautomator2Driver (v1.70.1) session
[35m[BaseDriver][39m The following capabilities were provided, but are not recognized by Appium:
[35m[BaseDriver][39m   platform
[35m[BaseDriver][39m Session created with session id: 4105452a-3f78-4aff-9852-d78a20ba966b
[35m[BaseDriver][39m Using local app 'D:\Dev\apk\app-debug1.apk'
[35m[ADB][39m Found 5 'build-tools' folders under 'C:\Users\hoang\AppData\Local\Android\Sdk' (newest first):
[35m[ADB][39m     C:/Users/hoang/AppData/Local/Android/Sdk/build-tools/32.1.0-rc1
[35m[ADB][39m     C:/Users/hoang/AppData/Local/Android/Sdk/build-tools/32.0.0
[35m[ADB][39m     C:/Users/hoang/AppData/Local/Android/Sdk/build-tools/30.0.3
[35m[ADB][39m     C:/Users/hoang/AppData/Local/Android/Sdk/build-tools/30.0.2
[35m[ADB][39m     C:/Users/hoang/AppData/Local/Android/Sdk/build-tools/28.0.3
[35m[ADB][39m Using 'adb.exe' from 'C:\Users\hoang\AppData\Local\Android\Sdk\platform-tools\adb.exe'
[35m[AndroidDriver][39m Retrieving device list
[35m[AndroidDriver][39m Using device: R58N337ZZQZ
[35m[ADB][39m Using 'adb.exe' from 'C:\Users\hoang\AppData\Local\Android\Sdk\platform-tools\adb.exe'
[35m[ADB][39m Getting device platform version
[35m[UiAutomator2][39m Relaxing hidden api policy
[35m[ADB][39m Package name: 'com.ezactive.ezleague'
[35m[ADB][39m Main activity name: 'com.ezactive.ezleague.MainActivity'
[35m[ADB][39m Using 'apksigner.jar' from 'C:\Users\hoang\AppData\Local\Android\Sdk\build-tools\32.1.0-rc1\lib\apksigner.jar'
[35m[ADB][39m 'C:\Users\hoang\AppData\Roaming\nvm\v14.18.2\node_modules\appium\node_modules\appium-uiautomator2-server\apks\appium-uiautomator2-server-v4.27.0.apk' is signed with the default certificate
[35m[ADB][39m 'C:\Users\hoang\AppData\Roaming\nvm\v14.18.2\node_modules\appium\node_modules\appium-uiautomator2-server\apks\appium-uiautomator2-server-debug-androidTest.apk' is signed with the default certificate
[35m[UiAutomator2][39m Server packages are not going to be (re)installed
[35m[ADB][39m Adding packages ["io.appium.settings","io.appium.uiautomator2.server","io.appium.uiautomator2.server.test"] to Doze whitelist
[35m[ADB][39m 'D:\Dev\apk\app-debug1.apk' is signed with a non-default certificate
[35m[UiAutomator2][39m Starting UIAutomator2 server 4.27.0
[35m[UiAutomator2][39m Using UIAutomator2 server from 'C:\Users\hoang\AppData\Roaming\nvm\v14.18.2\node_modules\appium\node_modules\appium-uiautomator2-server\apks\appium-uiautomator2-server-v4.27.0.apk' and test from 'C:\Users\hoang\AppData\Roaming\nvm\v14.18.2\node_modules\appium\node_modules\appium-uiautomator2-server\apks\appium-uiautomator2-server-debug-androidTest.apk'
[35m[UiAutomator2][39m Waiting up to 30000ms for UiAutomator2 to be online...
[35m[WD Proxy][39m socket hang up
[35m[WD Proxy][39m socket hang up
[35m[WD Proxy][39m socket hang up
[35m[WD Proxy][39m Determined the downstream protocol as 'W3C'
[35m[AndroidDriver][39m Screen already unlocked, doing nothing
[35m[UiAutomator2][39m Starting 'com.ezactive.ezleague/com.ezactive.ezleague.MainActivity and waiting for 'com.ezactive.ezleague/com.ezactive.ezleague.MainActivity'
[35m[Appium][39m New AndroidUiautomator2Driver session created successfully, session 4105452a-3f78-4aff-9852-d78a20ba966b added to master session list
[35m[HTTP][39m [37m<-- POST /wd/hub/session [39m[32m200[39m [90m12342 ms - 1209[39m
[35m[HTTP][39m [90m[39m
[35m[HTTP][39m [37m-->[39m [37mGET[39m [37m/wd/hub/session/4105452a-3f78-4aff-9852-d78a20ba966b[39m
[35m[HTTP][39m [90m{}[39m
[35m[HTTP][39m [37m<-- GET /wd/hub/session/4105452a-3f78-4aff-9852-d78a20ba966b [39m[32m200[39m [90m10 ms - 1163[39m
[35m[HTTP][39m [90m[39m
[35m[HTTP][39m [37m-->[39m [37mGET[39m [37m/wd/hub/session/4105452a-3f78-4aff-9852-d78a20ba966b[39m
[35m[HTTP][39m [90m{}[39m
[35m[HTTP][39m [37m<-- GET /wd/hub/session/4105452a-3f78-4aff-9852-d78a20ba966b [39m[32m200[39m [90m11 ms - 1163[39m
[35m[HTTP][39m [90m[39m
[35m[HTTP][39m [37m-->[39m [37mGET[39m [37m/wd/hub/status[39m
[35m[HTTP][39m [90m{}[39m
[35m[HTTP][39m [37m<-- GET /wd/hub/status [39m[32m200[39m [90m1 ms - 68[39m
[35m[HTTP][39m [90m[39m
[35m[HTTP][39m [37m-->[39m [37mPOST[39m [37m/wd/hub/session/4105452a-3f78-4aff-9852-d78a20ba966b/timeouts[39m
[35m[HTTP][39m [90m{"implicit":60000}[39m
[35m[HTTP][39m [37m<-- POST /wd/hub/session/4105452a-3f78-4aff-9852-d78a20ba966b/timeouts [39m[32m200[39m [90m2 ms - 14[39m
[35m[HTTP][39m [90m[39m
[35m[HTTP][39m [37m-->[39m [37mGET[39m [37m/wd/hub/session/4105452a-3f78-4aff-9852-d78a20ba966b/source[39m
[35m[HTTP][39m [90m{}[39m
[35m[W3C (4105452a)][39m Driver proxy active, passing request on via HTTP proxy
[35m[WD Proxy][39m Replacing sessionId 969b6b62-0c42-4c74-b2d6-2fe99421496a with 4105452a-3f78-4aff-9852-d78a20ba966b
[35m[HTTP][39m [37m<-- GET /wd/hub/session/4105452a-3f78-4aff-9852-d78a20ba966b/source [39m[32m200[39m [90m262 ms - 597[39m
[35m[HTTP][39m [90m[39m
[35m[HTTP][39m [37m-->[39m [37mGET[39m [37m/wd/hub/session/4105452a-3f78-4aff-9852-d78a20ba966b/screenshot[39m
[35m[HTTP][39m [90m{}[39m
[35m[HTTP][39m [37m<-- GET /wd/hub/session/4105452a-3f78-4aff-9852-d78a20ba966b/screenshot [39m[32m200[39m [90m629 ms - 76658[39m
[35m[HTTP][39m [90m[39m
[35m[HTTP][39m [37m-->[39m [37mGET[39m [37m/wd/hub/session/4105452a-3f78-4aff-9852-d78a20ba966b/context[39m
[35m[HTTP][39m [90m{}[39m
[35m[HTTP][39m [37m<-- GET /wd/hub/session/4105452a-3f78-4aff-9852-d78a20ba966b/context [39m[32m200[39m [90m3 ms - 22[39m
[35m[HTTP][39m [90m[39m
[35m[HTTP][39m [37m-->[39m [37mGET[39m [37m/wd/hub/session/4105452a-3f78-4aff-9852-d78a20ba966b/contexts[39m
[35m[HTTP][39m [90m{}[39m
[35m[AndroidDriver][39m Skipping the webview 'WEBVIEW_Terrace' at '@Terrace_devtools_remote' since it has reported having zero pages
[35m[HTTP][39m [37m<-- GET /wd/hub/session/4105452a-3f78-4aff-9852-d78a20ba966b/contexts [39m[32m200[39m [90m640 ms - 56[39m
[35m[HTTP][39m [90m[39m
[35m[HTTP][39m [37m-->[39m [37mPOST[39m [37m/wd/hub/session/4105452a-3f78-4aff-9852-d78a20ba966b/context[39m
[35m[HTTP][39m [90m{"name":"NATIVE_APP"}[39m
[35m[HTTP][39m [37m<-- POST /wd/hub/session/4105452a-3f78-4aff-9852-d78a20ba966b/context [39m[32m200[39m [90m1 ms - 14[39m
[35m[HTTP][39m [90m[39m
[35m[HTTP][39m [37m-->[39m [37mPOST[39m [37m/wd/hub/session/4105452a-3f78-4aff-9852-d78a20ba966b/orientation[39m
[35m[HTTP][39m [90m{"orientation":"PORTRAIT"}[39m
[35m[W3C (4105452a)][39m Driver proxy active, passing request on via HTTP proxy
[35m[WD Proxy][39m Replacing sessionId 969b6b62-0c42-4c74-b2d6-2fe99421496a with 4105452a-3f78-4aff-9852-d78a20ba966b
[35m[HTTP][39m [37m<-- POST /wd/hub/session/4105452a-3f78-4aff-9852-d78a20ba966b/orientation [39m[32m200[39m [90m14 ms - 71[39m
[35m[HTTP][39m [90m[39m
[35m[HTTP][39m [37m-->[39m [37mPOST[39m [37m/wd/hub/session/4105452a-3f78-4aff-9852-d78a20ba966b/context[39m
[35m[HTTP][39m [90m{"name":"NATIVE_APP"}[39m
[35m[HTTP][39m [37m<-- POST /wd/hub/session/4105452a-3f78-4aff-9852-d78a20ba966b/context [39m[32m200[39m [90m1 ms - 14[39m
[35m[HTTP][39m [90m[39m
[35m[HTTP][39m [37m-->[39m [37mGET[39m [37m/wd/hub/session/4105452a-3f78-4aff-9852-d78a20ba966b/source[39m
[35m[HTTP][39m [90m{}[39m
[35m[W3C (4105452a)][39m Driver proxy active, passing request on via HTTP proxy
[35m[WD Proxy][39m Replacing sessionId 969b6b62-0c42-4c74-b2d6-2fe99421496a with 4105452a-3f78-4aff-9852-d78a20ba966b
[35m[HTTP][39m [37m<-- GET /wd/hub/session/4105452a-3f78-4aff-9852-d78a20ba966b/source [39m[32m200[39m [90m344 ms - 17564[39m
[35m[HTTP][39m [90m[39m
[35m[HTTP][39m [37m-->[39m [37mGET[39m [37m/wd/hub/session/4105452a-3f78-4aff-9852-d78a20ba966b/screenshot[39m
[35m[HTTP][39m [90m{}[39m
[35m[HTTP][39m [37m<-- GET /wd/hub/session/4105452a-3f78-4aff-9852-d78a20ba966b/screenshot [39m[32m200[39m [90m684 ms - 198224[39m
[35m[HTTP][39m [90m[39m
[35m[HTTP][39m [37m-->[39m [37mGET[39m [37m/wd/hub/session/4105452a-3f78-4aff-9852-d78a20ba966b/context[39m
[35m[HTTP][39m [90m{}[39m
[35m[HTTP][39m [37m<-- GET /wd/hub/session/4105452a-3f78-4aff-9852-d78a20ba966b/context [39m[32m200[39m [90m2 ms - 22[39m
[35m[HTTP][39m [90m[39m
[35m[HTTP][39m [37m-->[39m [37mGET[39m [37m/wd/hub/session/4105452a-3f78-4aff-9852-d78a20ba966b/contexts[39m
[35m[HTTP][39m [90m{}[39m
[35m[AndroidDriver][39m Skipping the webview 'WEBVIEW_Terrace' at '@Terrace_devtools_remote' since it has reported having zero pages
[35m[HTTP][39m [37m<-- GET /wd/hub/session/4105452a-3f78-4aff-9852-d78a20ba966b/contexts [39m[32m200[39m [90m519 ms - 56[39m
[35m[HTTP][39m [90m[39m
[35m[HTTP][39m [37m-->[39m [37mPOST[39m [37m/wd/hub/session/4105452a-3f78-4aff-9852-d78a20ba966b/context[39m
[35m[HTTP][39m [90m{"name":"NATIVE_APP"}[39m
[35m[HTTP][39m [37m<-- POST /wd/hub/session/4105452a-3f78-4aff-9852-d78a20ba966b/context [39m[32m200[39m [90m1 ms - 14[39m
[35m[HTTP][39m [90m[39m
[35m[HTTP][39m [37m-->[39m [37mPOST[39m [37m/wd/hub/session/4105452a-3f78-4aff-9852-d78a20ba966b/orientation[39m
[35m[HTTP][39m [90m{"orientation":"PORTRAIT"}[39m
[35m[W3C (4105452a)][39m Driver proxy active, passing request on via HTTP proxy
[35m[WD Proxy][39m Replacing sessionId 969b6b62-0c42-4c74-b2d6-2fe99421496a with 4105452a-3f78-4aff-9852-d78a20ba966b
[35m[HTTP][39m [37m<-- POST /wd/hub/session/4105452a-3f78-4aff-9852-d78a20ba966b/orientation [39m[32m200[39m [90m33 ms - 71[39m
[35m[HTTP][39m [90m[39m
[35m[HTTP][39m [37m-->[39m [37mPOST[39m [37m/wd/hub/session/4105452a-3f78-4aff-9852-d78a20ba966b/context[39m
[35m[HTTP][39m [90m{"name":"NATIVE_APP"}[39m
[35m[HTTP][39m [37m<-- POST /wd/hub/session/4105452a-3f78-4aff-9852-d78a20ba966b/context [39m[32m200[39m [90m1 ms - 14[39m
[35m[HTTP][39m [90m[39m
[35m[HTTP][39m [37m-->[39m [37mGET[39m [37m/wd/hub/session/4105452a-3f78-4aff-9852-d78a20ba966b/source[39m
[35m[HTTP][39m [90m{}[39m
[35m[W3C (4105452a)][39m Driver proxy active, passing request on via HTTP proxy
[35m[WD Proxy][39m Replacing sessionId 969b6b62-0c42-4c74-b2d6-2fe99421496a with 4105452a-3f78-4aff-9852-d78a20ba966b
[35m[HTTP][39m [37m<-- GET /wd/hub/session/4105452a-3f78-4aff-9852-d78a20ba966b/source [39m[32m200[39m [90m378 ms - 13651[39m
[35m[HTTP][39m [90m[39m
[35m[HTTP][39m [37m-->[39m [37mGET[39m [37m/wd/hub/session/4105452a-3f78-4aff-9852-d78a20ba966b/screenshot[39m
[35m[HTTP][39m [90m{}[39m
[35m[HTTP][39m [37m<-- GET /wd/hub/session/4105452a-3f78-4aff-9852-d78a20ba966b/screenshot [39m[32m200[39m [90m745 ms - 199640[39m
[35m[HTTP][39m [90m[39m
[35m[HTTP][39m [37m-->[39m [37mGET[39m [37m/wd/hub/session/4105452a-3f78-4aff-9852-d78a20ba966b/source[39m
[35m[HTTP][39m [90m{}[39m
[35m[W3C (4105452a)][39m Driver proxy active, passing request on via HTTP proxy
[35m[WD Proxy][39m Replacing sessionId 969b6b62-0c42-4c74-b2d6-2fe99421496a with 4105452a-3f78-4aff-9852-d78a20ba966b
[35m[HTTP][39m [37m<-- GET /wd/hub/session/4105452a-3f78-4aff-9852-d78a20ba966b/source [39m[32m200[39m [90m340 ms - 13651[39m
[35m[HTTP][39m [90m[39m
[35m[HTTP][39m [37m-->[39m [37mGET[39m [37m/wd/hub/session/4105452a-3f78-4aff-9852-d78a20ba966b/screenshot[39m
[35m[HTTP][39m [90m{}[39m
[35m[HTTP][39m [37m<-- GET /wd/hub/session/4105452a-3f78-4aff-9852-d78a20ba966b/screenshot [39m[32m200[39m [90m737 ms - 199610[39m
[35m[HTTP][39m [90m[39m
[35m[HTTP][39m [37m-->[39m [37mGET[39m [37m/wd/hub/session/4105452a-3f78-4aff-9852-d78a20ba966b/source[39m
[35m[HTTP][39m [90m{}[39m
[35m[W3C (4105452a)][39m Driver proxy active, passing request on via HTTP proxy
[35m[WD Proxy][39m Replacing sessionId 969b6b62-0c42-4c74-b2d6-2fe99421496a with 4105452a-3f78-4aff-9852-d78a20ba966b
[35m[HTTP][39m [37m<-- GET /wd/hub/session/4105452a-3f78-4aff-9852-d78a20ba966b/source [39m[32m200[39m [90m321 ms - 13651[39m
[35m[HTTP][39m [90m[39m
[35m[HTTP][39m [37m-->[39m [37mGET[39m [37m/wd/hub/session/4105452a-3f78-4aff-9852-d78a20ba966b/screenshot[39m
[35m[HTTP][39m [90m{}[39m
[35m[HTTP][39m [37m<-- GET /wd/hub/session/4105452a-3f78-4aff-9852-d78a20ba966b/screenshot [39m[32m200[39m [90m732 ms - 200132[39m
[35m[HTTP][39m [90m[39m
[35m[HTTP][39m [37m-->[39m [37mDELETE[39m [37m/wd/hub/session/4105452a-3f78-4aff-9852-d78a20ba966b[39m
[35m[HTTP][39m [90m{}[39m
[35m[Appium][39m Removing session 4105452a-3f78-4aff-9852-d78a20ba966b from our master session list
[35m[UiAutomator2][39m Restoring hidden api policy to the device default configuration
[35m[HTTP][39m [37m<-- DELETE /wd/hub/session/4105452a-3f78-4aff-9852-d78a20ba966b [39m[32m200[39m [90m578 ms - 14[39m
[35m[HTTP][39m [90m[39m
